<?xml version="1.0" encoding="UTF-8"?>
<testsuite xmlns:xsi="http://www.w3.org/2001/XMLSchema-instance" xsi:noNamespaceSchemaLocation="https://maven.apache.org/surefire/maven-surefire-plugin/xsd/surefire-test-report-3.0.xsd" version="3.0" name="TestSuite" time="17.563" tests="2" errors="0" skipped="0" failures="0">
  <properties>
[...]
</properties>
  <testcase name="testDynamicTable" classname="testcase.DynamicTableTest" time="3.337">
    <system-out><![CDATA[Row 1 values: 
Column 0: male
Column 1: Bob
Column 2: 20
Row 2 values: 
Column 0: male
Column 1: George
Column 2: 42
Row 3 values: 
Column 0: female
Column 1: Sara
Column 2: 42
Row 4 values: 
Column 0: male
Column 1: Conor
Column 2: 40
Row 5 values: 
Column 0: female
Column 1: Jennifer
Column 2: 42
]]></system-out>
    <system-err><![CDATA[[main] INFO io.github.bonigarcia.wdm.WebDriverManager - Using msedgedriver 130.0.2849.68 (resolved driver for Edge 130)
[main] INFO io.github.bonigarcia.wdm.WebDriverManager - Exporting webdriver.edge.driver as C:\Users\cjaga\.cache\selenium\msedgedriver\win64\130.0.2849.68\msedgedriver.exe
Nov 06, 2024 9:07:34 PM org.openqa.selenium.devtools.CdpVersionFinder findNearestMatch
WARNING: Unable to find an exact match for CDP version 130, returning the closest version; found: 129; Please update to a Selenium version that supports CDP version 130
]]></system-err>
  </testcase>
  <testcase name="testDynamicTable" classname="testcase.PracticeCaw" time="2.359">
    <system-out><![CDATA[Row 1 values: 
Column 0: male
Column 1: Bob
Column 2: 20
Row 2 values: 
Column 0: male
Column 1: George
Column 2: 42
Row 3 values: 
Column 0: female
Column 1: Sara
Column 2: 42
Row 4 values: 
Column 0: male
Column 1: Conor
Column 2: 40
Row 5 values: 
Column 0: female
Column 1: Jennifer
Column 2: 42
]]></system-out>
    <system-err><![CDATA[[main] INFO io.github.bonigarcia.wdm.WebDriverManager - Using msedgedriver 130.0.2849.68 (resolved driver for Edge 130)
[main] INFO io.github.bonigarcia.wdm.WebDriverManager - Exporting webdriver.edge.driver as C:\Users\cjaga\.cache\selenium\msedgedriver\win64\130.0.2849.68\msedgedriver.exe
Nov 06, 2024 9:07:41 PM org.openqa.selenium.devtools.CdpVersionFinder findNearestMatch
WARNING: Unable to find an exact match for CDP version 130, returning the closest version; found: 129; Please update to a Selenium version that supports CDP version 130
]]></system-err>
  </testcase>
</testsuite>