<?xml version="1.0" encoding="UTF-8"?>
<testng-results ignored="0" total="2" passed="2" failed="0" skipped="0">
  <reporter-output>
  </reporter-output>
  <suite started-at="2024-11-06T21:07:30 IST" name="Suite" finished-at="2024-11-06T21:07:47 IST" duration-ms="16546">
    <groups>
    </groups>
    <test started-at="2024-11-06T21:07:30 IST" name="Test" finished-at="2024-11-06T21:07:47 IST" duration-ms="16546">
      <class name="testcase.PracticeCaw">
        <test-method is-config="true" signature="Setup()[pri:0, instance:testcase.PracticeCaw@4b0b0854]" started-at="2024-11-06T21:07:39 IST" name="Setup" finished-at="2024-11-06T21:07:43 IST" duration-ms="3597" status="PASS">
          <reporter-output>
          </reporter-output>
        </test-method> <!-- Setup -->
        <test-method is-config="true" signature="loadTestData()[pri:0, instance:testcase.PracticeCaw@4b0b0854]" started-at="2024-11-06T21:07:39 IST" name="loadTestData" finished-at="2024-11-06T21:07:39 IST" duration-ms="0" status="PASS">
          <reporter-output>
          </reporter-output>
        </test-method> <!-- loadTestData -->
        <test-method signature="testDynamicTable()[pri:0, instance:testcase.PracticeCaw@4b0b0854]" started-at="2024-11-06T21:07:43 IST" name="testDynamicTable" finished-at="2024-11-06T21:07:45 IST" duration-ms="2355" status="PASS">
          <reporter-output>
          </reporter-output>
        </test-method> <!-- testDynamicTable -->
        <test-method is-config="true" signature="tearDown()[pri:0, instance:testcase.PracticeCaw@4b0b0854]" started-at="2024-11-06T21:07:45 IST" name="tearDown" finished-at="2024-11-06T21:07:45 IST" duration-ms="282" status="PASS">
          <reporter-output>
          </reporter-output>
        </test-method> <!-- tearDown -->
        <test-method is-config="true" signature="teardown()[pri:0, instance:testcase.PracticeCaw@4b0b0854]" started-at="2024-11-06T21:07:45 IST" name="teardown" finished-at="2024-11-06T21:07:47 IST" duration-ms="1327" status="PASS">
          <reporter-output>
          </reporter-output>
        </test-method> <!-- teardown -->
      </class> <!-- testcase.PracticeCaw -->
      <class name="testcase.DynamicTableTest">
        <test-method is-config="true" signature="loadTestData()[pri:0, instance:testcase.DynamicTableTest@2e4b8173]" started-at="2024-11-06T21:07:30 IST" name="loadTestData" finished-at="2024-11-06T21:07:30 IST" duration-ms="48" status="PASS">
          <reporter-output>
          </reporter-output>
        </test-method> <!-- loadTestData -->
        <test-method is-config="true" signature="setup()[pri:0, instance:testcase.DynamicTableTest@2e4b8173]" started-at="2024-11-06T21:07:30 IST" name="setup" finished-at="2024-11-06T21:07:34 IST" duration-ms="3741" status="PASS">
          <reporter-output>
          </reporter-output>
        </test-method> <!-- setup -->
        <test-method signature="testDynamicTable()[pri:0, instance:testcase.DynamicTableTest@2e4b8173]" started-at="2024-11-06T21:07:34 IST" name="testDynamicTable" finished-at="2024-11-06T21:07:37 IST" duration-ms="3345" status="PASS">
          <reporter-output>
          </reporter-output>
        </test-method> <!-- testDynamicTable -->
        <test-method is-config="true" signature="teardown()[pri:0, instance:testcase.DynamicTableTest@2e4b8173]" started-at="2024-11-06T21:07:37 IST" name="teardown" finished-at="2024-11-06T21:07:39 IST" duration-ms="1733" status="PASS">
          <reporter-output>
          </reporter-output>
        </test-method> <!-- teardown -->
      </class> <!-- testcase.DynamicTableTest -->
    </test> <!-- Test -->
  </suite> <!-- Suite -->
</testng-results>
