<?xml version="1.0" encoding="UTF-8"?>
<testng-results ignored="0" total="1" passed="1" failed="0" skipped="0">
  <reporter-output>
  </reporter-output>
  <suite started-at="2024-10-25T04:23:33 IST" name="Default suite" finished-at="2024-10-25T04:23:47 IST" duration-ms="13698">
    <groups>
    </groups>
    <test started-at="2024-10-25T04:23:33 IST" name="Default test" finished-at="2024-10-25T04:23:47 IST" duration-ms="13698">
      <class name="testcase.Test_Case2">
        <test-method is-config="true" signature="Setup()[pri:0, instance:testcase.Test_Case2@306e95ec]" started-at="2024-10-25T04:23:33 IST" name="Setup" finished-at="2024-10-25T04:23:38 IST" duration-ms="5191" status="PASS">
          <reporter-output>
          </reporter-output>
        </test-method> <!-- Setup -->
        <test-method signature="Validating_Table()[pri:0, instance:testcase.Test_Case2@306e95ec]" started-at="2024-10-25T04:23:38 IST" name="Validating_Table" finished-at="2024-10-25T04:23:46 IST" duration-ms="7941" status="PASS">
          <reporter-output>
          </reporter-output>
        </test-method> <!-- Validating_Table -->
        <test-method is-config="true" signature="tearDown()[pri:0, instance:testcase.Test_Case2@306e95ec]" started-at="2024-10-25T04:23:46 IST" name="tearDown" finished-at="2024-10-25T04:23:47 IST" duration-ms="508" status="PASS">
          <reporter-output>
          </reporter-output>
        </test-method> <!-- tearDown -->
      </class> <!-- testcase.Test_Case2 -->
    </test> <!-- Default test -->
  </suite> <!-- Default suite -->
</testng-results>
